<?xml version="1.0" encoding="UTF-8"?>
<!-- Generated by org.testng.reporters.JUnitReportReporter -->
<testsuite skipped="0" hostname="nblap245" name="TestNG.RestAssuredPostTest" tests="1" failures="0" timestamp="2019-09-24T19:03:32 IST" time="2.092" errors="0">
  <testcase name="restAssuredPostTest" time="2.092" classname="TestNG.RestAssuredPostTest"/>
</testsuite> <!-- TestNG.RestAssuredPostTest -->
