<?xml version="1.0" encoding="UTF-8"?>
<!-- Generated by org.testng.reporters.JUnitReportReporter -->
<testsuite skipped="0" hostname="nblap245" name="UnimoniSeleniumAutomation.UnimoniSeleniumAutomation.Register_Customer_API" tests="1" failures="0" timestamp="2019-09-24T18:52:03 IST" time="2.366" errors="0">
  <testcase name="registerCustomer" time="2.366" classname="UnimoniSeleniumAutomation.UnimoniSeleniumAutomation.Register_Customer_API"/>
</testsuite> <!-- UnimoniSeleniumAutomation.UnimoniSeleniumAutomation.Register_Customer_API -->
