<?xml version="1.0" encoding="UTF-8"?>
<!-- Generated by org.testng.reporters.JUnitReportReporter -->
<testsuite skipped="0" hostname="nblap245" name="TestNG.TestngExample1" tests="2" failures="0" timestamp="2019-09-19T16:12:28 IST" time="16.440" errors="0">
  <testcase name="googleLaunch" time="10.083" classname="TestNG.TestngExample1"/>
  <testcase name="seleniumPracticeLaunch" time="6.357" classname="TestNG.TestngExample1"/>
</testsuite> <!-- TestNG.TestngExample1 -->
