<?xml version="1.0" encoding="UTF-8"?>
<!-- Generated by org.testng.reporters.JUnitReportReporter -->
<testsuite skipped="0" hostname="nblap245" name="UnimoniSeleniumAutomation.UnimoniSeleniumAutomation.RestDeleteTC" tests="1" failures="0" timestamp="2019-09-25T17:55:03 IST" time="2.119" errors="0">
  <testcase name="restDeleteTC" time="2.119" classname="UnimoniSeleniumAutomation.UnimoniSeleniumAutomation.RestDeleteTC"/>
</testsuite> <!-- UnimoniSeleniumAutomation.UnimoniSeleniumAutomation.RestDeleteTC -->
