<?xml version="1.0" encoding="UTF-8"?>
<!-- Generated by org.testng.reporters.JUnitReportReporter -->
<testsuite skipped="0" hostname="nblap245" name="TestNG.GroupsExample" tests="4" failures="0" timestamp="2019-09-19T18:05:40 IST" time="0.010" errors="0">
  <testcase name="composeMail" time="0.008" classname="TestNG.GroupsExample"/>
  <testcase name="loginTest1" time="0.000" classname="TestNG.GroupsExample"/>
  <testcase name="composeMail1" time="0.001" classname="TestNG.GroupsExample"/>
  <testcase name="loginTest" time="0.001" classname="TestNG.GroupsExample"/>
</testsuite> <!-- TestNG.GroupsExample -->
