<?xml version="1.0" encoding="UTF-8"?>
<!-- Generated by org.testng.reporters.JUnitReportReporter -->
<testsuite skipped="0" hostname="nblap245" name="tests.HomePageTestcase" tests="1" failures="0" timestamp="2019-09-25T18:50:46 IST" time="7.217" errors="0">
  <testcase name="homePageTC" time="7.217" classname="tests.HomePageTestcase"/>
</testsuite> <!-- tests.HomePageTestcase -->
