<?xml version="1.0" encoding="UTF-8"?>
<!-- Generated by org.testng.reporters.JUnitReportReporter -->
<testsuite skipped="0" hostname="nblap245" name="TestNG.RestAssuredDeleteTest" tests="1" failures="0" timestamp="2019-09-24T19:09:43 IST" time="2.239" errors="0">
  <testcase name="restDeleteTest" time="2.239" classname="TestNG.RestAssuredDeleteTest"/>
</testsuite> <!-- TestNG.RestAssuredDeleteTest -->
