<?xml version="1.0" encoding="UTF-8"?>
<!-- Generated by org.testng.reporters.JUnitReportReporter -->
<testsuite skipped="0" hostname="nblap245" name="TestNG.TestngAnnotations" tests="1" failures="0" timestamp="2019-09-19T16:52:37 IST" time="0.007" errors="0">
  <testcase name="createEmployee" time="0.007" classname="TestNG.TestngAnnotations"/>
</testsuite> <!-- TestNG.TestngAnnotations -->
