<?xml version="1.0" encoding="UTF-8"?>
<!-- Generated by org.testng.reporters.JUnitReportReporter -->
<testsuite skipped="0" hostname="nblap245" name="TestNG.RestAssured_Get_TC" tests="1" failures="0" timestamp="2019-09-25T16:59:34 IST" time="2.147" errors="0">
  <testcase name="restAssuredGetTC" time="2.147" classname="TestNG.RestAssured_Get_TC"/>
</testsuite> <!-- TestNG.RestAssured_Get_TC -->
