<?xml version="1.0" encoding="UTF-8"?>
<!-- Generated by org.testng.reporters.JUnitReportReporter -->
<testsuite skipped="0" hostname="nblap245" name="TestNG.RestAssuredPostTC" tests="1" failures="0" timestamp="2019-09-25T16:24:07 IST" time="2.578" errors="0">
  <testcase name="restPostTC" time="2.578" classname="TestNG.RestAssuredPostTC"/>
</testsuite> <!-- TestNG.RestAssuredPostTC -->
