<?xml version="1.0" encoding="UTF-8"?>
<!-- Generated by org.testng.reporters.JUnitReportReporter -->
<testsuite skipped="0" hostname="nblap245" name="TestNG.RestAssuredGetTest" tests="1" failures="0" timestamp="2019-09-24T18:19:39 IST" time="2.168" errors="0">
  <testcase name="getTest" time="2.168" classname="TestNG.RestAssuredGetTest"/>
</testsuite> <!-- TestNG.RestAssuredGetTest -->
