<?xml version="1.0" encoding="UTF-8"?>
<!-- Generated by org.testng.reporters.JUnitReportReporter -->
<testsuite skipped="0" hostname="nblap245" name="TestNG.Invocation" tests="7" failures="0" timestamp="2019-09-19T17:50:11 IST" time="43.069" errors="0">
  <testcase name="loginTest" time="5.873" classname="TestNG.Invocation"/>
  <testcase name="loginTest" time="5.452" classname="TestNG.Invocation"/>
  <testcase name="loginTest" time="5.896" classname="TestNG.Invocation"/>
  <testcase name="loginTest" time="6.466" classname="TestNG.Invocation"/>
  <testcase name="loginTest" time="7.586" classname="TestNG.Invocation"/>
  <testcase name="loginTest" time="5.568" classname="TestNG.Invocation"/>
  <testcase name="loginTest" time="6.228" classname="TestNG.Invocation"/>
</testsuite> <!-- TestNG.Invocation -->
