<?xml version="1.0" encoding="UTF-8"?>
<!-- Generated by org.testng.reporters.JUnitReportReporter -->
<testsuite skipped="0" hostname="nblap245" name="TestNG.RestAssuredUpdateTest" tests="1" failures="0" timestamp="2019-09-24T19:22:29 IST" time="2.135" errors="0">
  <testcase name="updateTest" time="2.135" classname="TestNG.RestAssuredUpdateTest"/>
</testsuite> <!-- TestNG.RestAssuredUpdateTest -->
