<?xml version="1.0" encoding="UTF-8"?>
<!-- Generated by org.testng.reporters.JUnitReportReporter -->
<testsuite skipped="0" hostname="nblap245" name="TestNG.RestAssuredAllExamples" tests="1" failures="0" timestamp="2019-09-24T16:26:36 IST" time="2.154" errors="0">
  <testcase name="restExample" time="2.154" classname="TestNG.RestAssuredAllExamples"/>
</testsuite> <!-- TestNG.RestAssuredAllExamples -->
