<?xml version="1.0" encoding="UTF-8"?>
<!-- Generated by org.testng.reporters.JUnitReportReporter -->
<testsuite skipped="0" hostname="nblap245" name="TestNG.TestngSeleniumExample" tests="2" failures="0" timestamp="2019-09-19T16:52:37 IST" time="16.312" errors="0">
  <testcase name="practiceSearch" time="7.254" classname="TestNG.TestngSeleniumExample"/>
  <testcase name="googleSearch" time="9.058" classname="TestNG.TestngSeleniumExample"/>
</testsuite> <!-- TestNG.TestngSeleniumExample -->
