<?xml version="1.0" encoding="UTF-8"?>
<!-- Generated by org.testng.reporters.JUnitReportReporter -->
<testsuite skipped="0" hostname="nblap245" name="TestNG.RestAssuredUpdateTC" tests="1" failures="0" timestamp="2019-09-25T16:57:16 IST" time="2.308" errors="0">
  <testcase name="restUpdateTC" time="2.308" classname="TestNG.RestAssuredUpdateTC"/>
</testsuite> <!-- TestNG.RestAssuredUpdateTC -->
