<?xml version="1.0" encoding="UTF-8"?>
<!-- Generated by org.testng.reporters.JUnitReportReporter -->
<testsuite skipped="0" hostname="nblap245" name="UnimoniSeleniumAutomation.UnimoniSeleniumAutomation.HomePageTest" tests="1" failures="0" timestamp="27 Sep 2019 12:47:02 GMT" time="16.349" errors="0">
  <testcase name="homePageTC" time="16.349" classname="UnimoniSeleniumAutomation.UnimoniSeleniumAutomation.HomePageTest"/>
</testsuite> <!-- UnimoniSeleniumAutomation.UnimoniSeleniumAutomation.HomePageTest -->
